Device: cuda

AE regularization ablation on sinusoidal
AE regs: ['T', 'T+K', 'T+F', 'T+F+K']

--- Generating training data (once) ---
--- Lambdifying SDE for evaluation (once) ---

============================================================
AE reg group: T
============================================================

--- Stage 1: Autoencoder (recon + T) ---
/network/rit/lab/Yelab/anaconda3/lib/python3.9/site-packages/torch/autograd/graph.py:829: UserWarning: Attempting to run cuBLAS, but there was no current CUDA context! Attempting to set the primary context... (Triggered internally at /pytorch/aten/src/ATen/cuda/CublasHandlePool.cpp:179.)
  return Variable._execution_engine.run_backward(  # Calls into the C++ engine to run the backward pass
  Epoch 100: loss=0.000612
  Epoch 200: loss=0.000515
  Epoch 300: loss=0.000701
  Epoch 400: loss=0.000252
  Epoch 500: loss=0.000826
  Precomputing decoder Jacobians/Hessians...
  Precomputed in 0.3s

  Stage 2: Drift net (300 epochs)
  Stage 2 epoch 60/300: loss=0.001533
  Stage 2 epoch 120/300: loss=0.000520
  Stage 2 epoch 180/300: loss=0.000277
  Stage 2 epoch 240/300: loss=0.000292
  Stage 2 epoch 300/300: loss=0.000147

  Stage 3: Diffusion net (300 epochs)
  Stage 3 epoch 60/300: loss=0.010885
  Stage 3 epoch 120/300: loss=0.009397
  Stage 3 epoch 180/300: loss=0.006110
  Stage 3 epoch 240/300: loss=0.005173
  Stage 3 epoch 300/300: loss=0.005246
  Evaluating trajectory fidelity...
  MTE@0.1: 0.2921
  MTE@0.5: 0.7089
  MTE@1.0: 1.0701
  W2@1.0:  0.8831
  MMD@1.0: 0.1557
  Survival@1.0: 76.5%
  Run time: 60.5s

============================================================
AE reg group: T+K
============================================================

--- Stage 1: Autoencoder (recon + T+K) ---
  Epoch 100: loss=0.000482
  Epoch 200: loss=0.000618
  Epoch 300: loss=0.000933
  Epoch 400: loss=0.000127
  Epoch 500: loss=0.000500
  Precomputing decoder Jacobians/Hessians...
  Precomputed in 0.2s

  Stage 2: Drift net (300 epochs)
  Stage 2 epoch 60/300: loss=0.000531
  Stage 2 epoch 120/300: loss=0.000266
  Stage 2 epoch 180/300: loss=0.000167
  Stage 2 epoch 240/300: loss=0.000186
  Stage 2 epoch 300/300: loss=0.000116

  Stage 3: Diffusion net (300 epochs)
  Stage 3 epoch 60/300: loss=0.011169
  Stage 3 epoch 120/300: loss=0.006527
  Stage 3 epoch 180/300: loss=0.004967
  Stage 3 epoch 240/300: loss=0.005072
  Stage 3 epoch 300/300: loss=0.004314
  Evaluating trajectory fidelity...
  MTE@0.1: 0.2897
  MTE@0.5: 0.6880
  MTE@1.0: 1.0151
  W2@1.0:  0.8428
  MMD@1.0: 0.1508
  Survival@1.0: 76.5%
  Run time: 56.4s

============================================================
AE reg group: T+F
============================================================

--- Stage 1: Autoencoder (recon + T+F) ---
  Epoch 100: loss=0.000350
  Epoch 200: loss=0.000172
  Epoch 300: loss=0.000393
  Epoch 400: loss=0.000052
  Epoch 500: loss=0.000129
  Precomputing decoder Jacobians/Hessians...
  Precomputed in 0.3s

  Stage 2: Drift net (300 epochs)
  Stage 2 epoch 60/300: loss=0.000683
  Stage 2 epoch 120/300: loss=0.000489
  Stage 2 epoch 180/300: loss=0.000332
  Stage 2 epoch 240/300: loss=0.000303
  Stage 2 epoch 300/300: loss=0.000347

  Stage 3: Diffusion net (300 epochs)
  Stage 3 epoch 60/300: loss=0.005968
  Stage 3 epoch 120/300: loss=0.004085
  Stage 3 epoch 180/300: loss=0.002464
  Stage 3 epoch 240/300: loss=0.004977
  Stage 3 epoch 300/300: loss=0.002914
  Evaluating trajectory fidelity...
  MTE@0.1: 0.2906
  MTE@0.5: 0.7336
  MTE@1.0: 1.1483
  W2@1.0:  1.2824
  MMD@1.0: 0.1790
  Survival@1.0: 76.5%
  Run time: 72.7s

============================================================
AE reg group: T+F+K
============================================================

--- Stage 1: Autoencoder (recon + T+F+K) ---
  Epoch 100: loss=0.000217
  Epoch 200: loss=0.000198
  Epoch 300: loss=0.000114
  Epoch 400: loss=0.000331
  Epoch 500: loss=0.000065
  Precomputing decoder Jacobians/Hessians...
  Precomputed in 0.3s

  Stage 2: Drift net (300 epochs)
  Stage 2 epoch 60/300: loss=0.000336
  Stage 2 epoch 120/300: loss=0.000238
  Stage 2 epoch 180/300: loss=0.000217
  Stage 2 epoch 240/300: loss=0.000181
  Stage 2 epoch 300/300: loss=0.000061

  Stage 3: Diffusion net (300 epochs)
  Stage 3 epoch 60/300: loss=0.005588
  Stage 3 epoch 120/300: loss=0.005337
  Stage 3 epoch 180/300: loss=0.001413
  Stage 3 epoch 240/300: loss=0.000735
  Stage 3 epoch 300/300: loss=0.000950
  Evaluating trajectory fidelity...
  MTE@0.1: 0.2905
  MTE@0.5: 0.7397
  MTE@1.0: 1.1395
  W2@1.0:  1.1966
  MMD@1.0: 0.1717
  Survival@1.0: 76.5%
  Run time: 62.2s


======================================================================
ABLATION RESULTS
======================================================================
   surface ae_reg  ae_loss  drift_loss  diff_loss  MTE@0.1  MTE@0.5  MTE@1.0   W2@1.0  MMD@1.0  survival@1.0
sinusoidal      T 0.000826    0.000147   0.005246 0.292094 0.708852 1.070058 0.883060 0.155682         0.765
sinusoidal    T+K 0.000500    0.000116   0.004314 0.289738 0.687956 1.015143 0.842816 0.150836         0.765
sinusoidal    T+F 0.000129    0.000347   0.002914 0.290581 0.733587 1.148259 1.282405 0.179006         0.765
sinusoidal  T+F+K 0.000065    0.000061   0.000950 0.290544 0.739746 1.139524 1.196559 0.171721         0.765

Total ablation time: 3224.8s
Saved sde_ablation_sinusoidal.csv

AE regularization ablation on paraboloid
AE regs: ['T', 'T+K', 'T+F', 'T+F+K']

--- Generating training data (once) ---
--- Lambdifying SDE for evaluation (once) ---

============================================================
AE reg group: T
============================================================

--- Stage 1: Autoencoder (recon + T) ---
  Epoch 100: loss=0.004390
  Epoch 200: loss=0.000539
  Epoch 300: loss=0.000517
  Epoch 400: loss=0.000583
  Epoch 500: loss=0.000528
  Precomputing decoder Jacobians/Hessians...
  Precomputed in 0.3s

  Stage 2: Drift net (300 epochs)
  Stage 2 epoch 60/300: loss=0.033550
  Stage 2 epoch 120/300: loss=0.012687
  Stage 2 epoch 180/300: loss=0.008737
  Stage 2 epoch 240/300: loss=0.068253
  Stage 2 epoch 300/300: loss=0.019541

  Stage 3: Diffusion net (300 epochs)
  Stage 3 epoch 60/300: loss=0.560183
  Stage 3 epoch 120/300: loss=0.216040
  Stage 3 epoch 180/300: loss=0.083285
  Stage 3 epoch 240/300: loss=0.109975
  Stage 3 epoch 300/300: loss=0.052160
  Evaluating trajectory fidelity...
  MTE@0.1: 1.0551
  MTE@0.5: 2.2643
  MTE@1.0: 2.8539
  W2@1.0:  2.1112
  MMD@1.0: 0.2715
  Survival@1.0: 76.5%
  Run time: 73.4s

============================================================
AE reg group: T+K
============================================================

--- Stage 1: Autoencoder (recon + T+K) ---
  Epoch 100: loss=0.001564
  Epoch 200: loss=0.000779
  Epoch 300: loss=0.000214
  Epoch 400: loss=0.000188
  Epoch 500: loss=0.000245
  Precomputing decoder Jacobians/Hessians...
  Precomputed in 0.3s

  Stage 2: Drift net (300 epochs)
  Stage 2 epoch 60/300: loss=0.009516
  Stage 2 epoch 120/300: loss=0.005841
  Stage 2 epoch 180/300: loss=0.003751
  Stage 2 epoch 240/300: loss=0.005100
  Stage 2 epoch 300/300: loss=0.004765

  Stage 3: Diffusion net (300 epochs)
  Stage 3 epoch 60/300: loss=0.135299
  Stage 3 epoch 120/300: loss=0.049156
  Stage 3 epoch 180/300: loss=0.049608
  Stage 3 epoch 240/300: loss=0.041197
  Stage 3 epoch 300/300: loss=0.048203
  Evaluating trajectory fidelity...
  MTE@0.1: 0.4733
  MTE@0.5: 1.4185
  MTE@1.0: 2.2172
  W2@1.0:  1.7641
  MMD@1.0: 0.2539
  Survival@1.0: 76.5%
  Run time: 58.5s

============================================================
AE reg group: T+F
============================================================

--- Stage 1: Autoencoder (recon + T+F) ---
  Epoch 100: loss=0.001457
  Epoch 200: loss=0.000445
  Epoch 300: loss=0.000363
  Epoch 400: loss=0.003170
  Epoch 500: loss=0.000479
  Precomputing decoder Jacobians/Hessians...
  Precomputed in 0.3s

  Stage 2: Drift net (300 epochs)
  Stage 2 epoch 60/300: loss=0.022463
  Stage 2 epoch 120/300: loss=0.010231
  Stage 2 epoch 180/300: loss=0.005749
  Stage 2 epoch 240/300: loss=0.047191
  Stage 2 epoch 300/300: loss=0.064470

  Stage 3: Diffusion net (300 epochs)
  Stage 3 epoch 60/300: loss=0.521726
  Stage 3 epoch 120/300: loss=0.262236
  Stage 3 epoch 180/300: loss=0.081202
  Stage 3 epoch 240/300: loss=0.133855
  Stage 3 epoch 300/300: loss=0.046876
  Evaluating trajectory fidelity...
  MTE@0.1: 1.0648
  MTE@0.5: 2.2254
  MTE@1.0: 2.7924
  W2@1.0:  1.9677
  MMD@1.0: 0.2799
  Survival@1.0: 76.5%
  Run time: 64.1s

============================================================
AE reg group: T+F+K
============================================================

--- Stage 1: Autoencoder (recon + T+F+K) ---
  Epoch 100: loss=0.006763
  Epoch 200: loss=0.004586
  Epoch 300: loss=0.000460
  Epoch 400: loss=0.000174
  Epoch 500: loss=0.000163
  Precomputing decoder Jacobians/Hessians...
  Precomputed in 0.3s

  Stage 2: Drift net (300 epochs)
  Stage 2 epoch 60/300: loss=0.010732
  Stage 2 epoch 120/300: loss=0.003171
  Stage 2 epoch 180/300: loss=0.002258
  Stage 2 epoch 240/300: loss=0.002853
  Stage 2 epoch 300/300: loss=0.010552

  Stage 3: Diffusion net (300 epochs)
  Stage 3 epoch 60/300: loss=0.196005
  Stage 3 epoch 120/300: loss=0.052310
  Stage 3 epoch 180/300: loss=0.041820
  Stage 3 epoch 240/300: loss=0.048260
  Stage 3 epoch 300/300: loss=0.021827
  Evaluating trajectory fidelity...
  MTE@0.1: 0.8437
  MTE@0.5: 2.0803
  MTE@1.0: 2.8015
  W2@1.0:  2.0594
  MMD@1.0: 0.2811
  Survival@1.0: 76.5%
  Run time: 59.1s


======================================================================
ABLATION RESULTS
======================================================================
   surface ae_reg  ae_loss  drift_loss  diff_loss  MTE@0.1  MTE@0.5  MTE@1.0   W2@1.0  MMD@1.0  survival@1.0
paraboloid      T 0.000528    0.019541   0.052160 1.055053 2.264254 2.853909 2.111209 0.271522         0.765
paraboloid    T+K 0.000245    0.004765   0.048203 0.473299 1.418472 2.217170 1.764138 0.253873         0.765
paraboloid    T+F 0.000479    0.064470   0.046876 1.064780 2.225435 2.792444 1.967684 0.279863         0.765
paraboloid  T+F+K 0.000163    0.010552   0.021827 0.843670 2.080287 2.801489 2.059410 0.281067         0.765

Total ablation time: 3216.3s
Saved sde_ablation_paraboloid.csv

AE regularization ablation on hyperbolic_paraboloid
AE regs: ['T', 'T+K', 'T+F', 'T+F+K']

--- Generating training data (once) ---
--- Lambdifying SDE for evaluation (once) ---

============================================================
AE reg group: T
============================================================

--- Stage 1: Autoencoder (recon + T) ---
  Epoch 100: loss=0.003439
  Epoch 200: loss=0.001056
  Epoch 300: loss=0.000620
  Epoch 400: loss=0.000500
  Epoch 500: loss=0.000164
  Precomputing decoder Jacobians/Hessians...
  Precomputed in 0.3s

  Stage 2: Drift net (300 epochs)
  Stage 2 epoch 60/300: loss=0.014247
  Stage 2 epoch 120/300: loss=0.003395
  Stage 2 epoch 180/300: loss=0.001518
  Stage 2 epoch 240/300: loss=0.000715
  Stage 2 epoch 300/300: loss=0.000565

  Stage 3: Diffusion net (300 epochs)
  Stage 3 epoch 60/300: loss=0.146505
  Stage 3 epoch 120/300: loss=0.052990
  Stage 3 epoch 180/300: loss=0.031553
  Stage 3 epoch 240/300: loss=0.022165
  Stage 3 epoch 300/300: loss=0.042882
  Evaluating trajectory fidelity...
  MTE@0.1: 0.4195
  MTE@0.5: 1.2977
  MTE@1.0: 1.9569
  W2@1.0:  1.5093
  MMD@1.0: 0.1764
  Survival@1.0: 76.5%
  Run time: 70.0s

============================================================
AE reg group: T+K
============================================================

--- Stage 1: Autoencoder (recon + T+K) ---
  Epoch 100: loss=0.001883
  Epoch 200: loss=0.000761
  Epoch 300: loss=0.000402
  Epoch 400: loss=0.000361
  Epoch 500: loss=0.000658
  Precomputing decoder Jacobians/Hessians...
  Precomputed in 0.3s

  Stage 2: Drift net (300 epochs)
  Stage 2 epoch 60/300: loss=0.010065
  Stage 2 epoch 120/300: loss=0.001555
  Stage 2 epoch 180/300: loss=0.000998
  Stage 2 epoch 240/300: loss=0.000479
  Stage 2 epoch 300/300: loss=0.000545

  Stage 3: Diffusion net (300 epochs)
  Stage 3 epoch 60/300: loss=0.100733
  Stage 3 epoch 120/300: loss=0.106025
  Stage 3 epoch 180/300: loss=0.024878
  Stage 3 epoch 240/300: loss=0.079055
  Stage 3 epoch 300/300: loss=0.016247
  Evaluating trajectory fidelity...
  MTE@0.1: 0.7998
  MTE@0.5: 1.9824
  MTE@1.0: 2.6886
  W2@1.0:  1.4813
  MMD@1.0: 0.2025
  Survival@1.0: 76.5%
  Run time: 58.5s

============================================================
AE reg group: T+F
============================================================

--- Stage 1: Autoencoder (recon + T+F) ---
  Epoch 100: loss=0.001175
  Epoch 200: loss=0.000848
  Epoch 300: loss=0.000669
  Epoch 400: loss=0.000482
  Epoch 500: loss=0.000173
  Precomputing decoder Jacobians/Hessians...
  Precomputed in 0.3s

  Stage 2: Drift net (300 epochs)
  Stage 2 epoch 60/300: loss=0.007921
  Stage 2 epoch 120/300: loss=0.001804
  Stage 2 epoch 180/300: loss=0.000538
  Stage 2 epoch 240/300: loss=0.000440
  Stage 2 epoch 300/300: loss=0.000324

  Stage 3: Diffusion net (300 epochs)
  Stage 3 epoch 60/300: loss=0.065206
  Stage 3 epoch 120/300: loss=0.108864
  Stage 3 epoch 180/300: loss=0.017477
  Stage 3 epoch 240/300: loss=0.023737
  Stage 3 epoch 300/300: loss=0.042920
  Evaluating trajectory fidelity...
  MTE@0.1: 1.0517
  MTE@0.5: 2.5032
  MTE@1.0: 2.9507
  W2@1.0:  1.2835
  MMD@1.0: 0.1610
  Survival@1.0: 76.5%
  Run time: 73.7s

============================================================
AE reg group: T+F+K
============================================================

--- Stage 1: Autoencoder (recon + T+F+K) ---
  Epoch 100: loss=0.003157
  Epoch 200: loss=0.000922
  Epoch 300: loss=0.000857
  Epoch 400: loss=0.000895
  Epoch 500: loss=0.000087
  Precomputing decoder Jacobians/Hessians...
  Precomputed in 0.3s

  Stage 2: Drift net (300 epochs)
  Stage 2 epoch 60/300: loss=0.006840
  Stage 2 epoch 120/300: loss=0.001549
  Stage 2 epoch 180/300: loss=0.000482
  Stage 2 epoch 240/300: loss=0.000532
  Stage 2 epoch 300/300: loss=0.000272

  Stage 3: Diffusion net (300 epochs)
  Stage 3 epoch 60/300: loss=0.116902
  Stage 3 epoch 120/300: loss=0.050656
  Stage 3 epoch 180/300: loss=0.090957
  Stage 3 epoch 240/300: loss=0.044071
  Stage 3 epoch 300/300: loss=0.018403
  Evaluating trajectory fidelity...
  MTE@0.1: 0.7968
  MTE@0.5: 1.9683
  MTE@1.0: 2.7498
  W2@1.0:  1.5104
  MMD@1.0: 0.1821
  Survival@1.0: 76.5%
  Run time: 72.5s


======================================================================
ABLATION RESULTS
======================================================================
              surface ae_reg  ae_loss  drift_loss  diff_loss  MTE@0.1  MTE@0.5  MTE@1.0   W2@1.0  MMD@1.0  survival@1.0
hyperbolic_paraboloid      T 0.000164    0.000565   0.042882 0.419547 1.297678 1.956929 1.509339 0.176441         0.765
hyperbolic_paraboloid    T+K 0.000658    0.000545   0.016247 0.799815 1.982357 2.688581 1.481300 0.202496         0.765
hyperbolic_paraboloid    T+F 0.000173    0.000324   0.042920 1.051709 2.503230 2.950678 1.283468 0.161022         0.765
hyperbolic_paraboloid  T+F+K 0.000087    0.000272   0.018403 0.796774 1.968309 2.749794 1.510412 0.182119         0.765

Total ablation time: 3280.2s
Saved sde_ablation_hyperbolic_paraboloid.csv

Done.
