Device: cuda

Lambda_K ablation on sinusoidal (AE=T+F)
lambda_K values: [0.0, 0.01, 0.1, 1.0]

--- Generating training data (once) ---
--- Lambdifying SDE for evaluation (once) ---

--- Stage 1: Autoencoder (recon + T+F) ---
  Epoch 100: loss=0.001008
  Epoch 200: loss=0.000261
  Epoch 300: loss=0.000170
  Epoch 400: loss=0.000567
  Epoch 500: loss=0.000074
  Precomputing decoder Jacobians/Hessians...

  Stage 2: Drift net (300 epochs) — shared
  Stage 2 epoch 60/300: loss=0.000495
  Stage 2 epoch 120/300: loss=0.000392
  Stage 2 epoch 180/300: loss=0.000329
  Stage 2 epoch 240/300: loss=0.000287
  Stage 2 epoch 300/300: loss=0.000318

============================================================
lambda_K = 0.0
============================================================
  Stage 3: Diffusion net (300 epochs, lambda_K=0.0)
  Stage 3 epoch 60/300: loss=0.006995
  Stage 3 epoch 120/300: loss=0.005965
  Stage 3 epoch 180/300: loss=0.002121
  Stage 3 epoch 240/300: loss=0.001653
  Stage 3 epoch 300/300: loss=0.001586
  Evaluating trajectory fidelity...
  MTE@0.1: 0.2905
  MTE@0.5: 0.7327
  MTE@1.0: 1.1429
  W2@1.0:  1.3048
  MMD@1.0: 0.1782
  Survival@1.0: 76.5%
  Run time: 59.0s

============================================================
lambda_K = 0.01
============================================================
  Stage 3: Diffusion net (300 epochs, lambda_K=0.01)
  Stage 3 epoch 60/300: loss=0.007121
  Stage 3 epoch 120/300: loss=0.006043
  Stage 3 epoch 180/300: loss=0.001901
  Stage 3 epoch 240/300: loss=0.001672
  Stage 3 epoch 300/300: loss=0.001144
  Evaluating trajectory fidelity...
  MTE@0.1: 0.2900
  MTE@0.5: 0.7310
  MTE@1.0: 1.1391
  W2@1.0:  1.3033
  MMD@1.0: 0.1770
  Survival@1.0: 76.5%
  Run time: 90.7s

============================================================
lambda_K = 0.1
============================================================
  Stage 3: Diffusion net (300 epochs, lambda_K=0.1)
  Stage 3 epoch 60/300: loss=0.009364
  Stage 3 epoch 120/300: loss=0.003355
  Stage 3 epoch 180/300: loss=0.002696
  Stage 3 epoch 240/300: loss=0.001875
  Stage 3 epoch 300/300: loss=0.001352
  Evaluating trajectory fidelity...
  MTE@0.1: 0.2905
  MTE@0.5: 0.7330
  MTE@1.0: 1.1393
  W2@1.0:  1.3072
  MMD@1.0: 0.1759
  Survival@1.0: 76.5%
  Run time: 90.7s

============================================================
lambda_K = 1.0
============================================================
  Stage 3: Diffusion net (300 epochs, lambda_K=1.0)
  Stage 3 epoch 60/300: loss=0.009605
  Stage 3 epoch 120/300: loss=0.013971
  Stage 3 epoch 180/300: loss=0.003104
  Stage 3 epoch 240/300: loss=0.002663
  Stage 3 epoch 300/300: loss=0.002431
  Evaluating trajectory fidelity...
  MTE@0.1: 0.2901
  MTE@0.5: 0.7335
  MTE@1.0: 1.1364
  W2@1.0:  1.3094
  MMD@1.0: 0.1766
  Survival@1.0: 76.5%
  Run time: 90.8s


======================================================================
LAMBDA_K ABLATION RESULTS
======================================================================
   surface ae_reg  lambda_K  ae_loss  drift_loss  diff_loss  MTE@0.1  MTE@0.5  MTE@1.0   W2@1.0  MMD@1.0  survival@1.0
sinusoidal    T+F      0.00 0.000074    0.000318   0.001586 0.290477 0.732677 1.142899 1.304823 0.178220         0.765
sinusoidal    T+F      0.01 0.000074    0.000318   0.001144 0.290040 0.731011 1.139108 1.303305 0.177036         0.765
sinusoidal    T+F      0.10 0.000074    0.000318   0.001352 0.290491 0.732992 1.139260 1.307171 0.175869         0.765
sinusoidal    T+F      1.00 0.000074    0.000318   0.002431 0.290100 0.733459 1.136396 1.309365 0.176569         0.765

Total time: 930.3s
Saved sde_ablation_K_sinusoidal.csv

Lambda_K ablation on paraboloid (AE=T+F)
lambda_K values: [0.0, 0.01, 0.1, 1.0]

--- Generating training data (once) ---
--- Lambdifying SDE for evaluation (once) ---

--- Stage 1: Autoencoder (recon + T+F) ---
  Epoch 100: loss=0.001457
  Epoch 200: loss=0.000445
  Epoch 300: loss=0.000363
  Epoch 400: loss=0.003170
  Epoch 500: loss=0.000479
  Precomputing decoder Jacobians/Hessians...

  Stage 2: Drift net (300 epochs) — shared
  Stage 2 epoch 60/300: loss=0.022463
  Stage 2 epoch 120/300: loss=0.010231
  Stage 2 epoch 180/300: loss=0.005749
  Stage 2 epoch 240/300: loss=0.047191
  Stage 2 epoch 300/300: loss=0.064470

============================================================
lambda_K = 0.0
============================================================
  Stage 3: Diffusion net (300 epochs, lambda_K=0.0)
  Stage 3 epoch 60/300: loss=0.521726
  Stage 3 epoch 120/300: loss=0.262236
  Stage 3 epoch 180/300: loss=0.081202
  Stage 3 epoch 240/300: loss=0.133855
  Stage 3 epoch 300/300: loss=0.046876
  Evaluating trajectory fidelity...
  MTE@0.1: 1.0648
  MTE@0.5: 2.2254
  MTE@1.0: 2.7924
  W2@1.0:  1.9677
  MMD@1.0: 0.2799
  Survival@1.0: 76.5%
  Run time: 59.1s

============================================================
lambda_K = 0.01
============================================================
  Stage 3: Diffusion net (300 epochs, lambda_K=0.01)
  Stage 3 epoch 60/300: loss=0.522685
  Stage 3 epoch 120/300: loss=0.262438
  Stage 3 epoch 180/300: loss=0.081418
  Stage 3 epoch 240/300: loss=0.131981
  Stage 3 epoch 300/300: loss=0.047444
  Evaluating trajectory fidelity...
  MTE@0.1: 1.0649
  MTE@0.5: 2.2258
  MTE@1.0: 2.7904
  W2@1.0:  1.9732
  MMD@1.0: 0.2812
  Survival@1.0: 76.5%
  Run time: 89.3s

============================================================
lambda_K = 0.1
============================================================
  Stage 3: Diffusion net (300 epochs, lambda_K=0.1)
  Stage 3 epoch 60/300: loss=0.531102
  Stage 3 epoch 120/300: loss=0.264149
  Stage 3 epoch 180/300: loss=0.083667
  Stage 3 epoch 240/300: loss=0.110532
  Stage 3 epoch 300/300: loss=0.049850
  Evaluating trajectory fidelity...
  MTE@0.1: 1.0652
  MTE@0.5: 2.2266
  MTE@1.0: 2.7805
  W2@1.0:  1.9670
  MMD@1.0: 0.2788
  Survival@1.0: 76.5%
  Run time: 89.5s

============================================================
lambda_K = 1.0
============================================================
  Stage 3: Diffusion net (300 epochs, lambda_K=1.0)
  Stage 3 epoch 60/300: loss=0.599452
  Stage 3 epoch 120/300: loss=0.271326
  Stage 3 epoch 180/300: loss=0.107220
  Stage 3 epoch 240/300: loss=0.104398
  Stage 3 epoch 300/300: loss=0.080637
  Evaluating trajectory fidelity...
  MTE@0.1: 1.0604
  MTE@0.5: 2.2321
  MTE@1.0: 2.7940
  W2@1.0:  1.9987
  MMD@1.0: 0.2884
  Survival@1.0: 76.5%
  Run time: 91.0s


======================================================================
LAMBDA_K ABLATION RESULTS
======================================================================
   surface ae_reg  lambda_K  ae_loss  drift_loss  diff_loss  MTE@0.1  MTE@0.5  MTE@1.0   W2@1.0  MMD@1.0  survival@1.0
paraboloid    T+F      0.00 0.000479     0.06447   0.046876 1.064780 2.225435 2.792444 1.967684 0.279863         0.765
paraboloid    T+F      0.01 0.000479     0.06447   0.047444 1.064892 2.225841 2.790377 1.973184 0.281246         0.765
paraboloid    T+F      0.10 0.000479     0.06447   0.049850 1.065224 2.226634 2.780453 1.967012 0.278814         0.765
paraboloid    T+F      1.00 0.000479     0.06447   0.080637 1.060444 2.232096 2.793969 1.998694 0.288449         0.765

Total time: 923.3s
Saved sde_ablation_K_paraboloid.csv

Lambda_K ablation on hyperbolic_paraboloid (AE=T+F)
lambda_K values: [0.0, 0.01, 0.1, 1.0]

--- Generating training data (once) ---
--- Lambdifying SDE for evaluation (once) ---

--- Stage 1: Autoencoder (recon + T+F) ---
  Epoch 100: loss=0.001175
  Epoch 200: loss=0.000848
  Epoch 300: loss=0.000669
  Epoch 400: loss=0.000482
  Epoch 500: loss=0.000173
  Precomputing decoder Jacobians/Hessians...

  Stage 2: Drift net (300 epochs) — shared
  Stage 2 epoch 60/300: loss=0.007921
  Stage 2 epoch 120/300: loss=0.001804
  Stage 2 epoch 180/300: loss=0.000538
  Stage 2 epoch 240/300: loss=0.000440
  Stage 2 epoch 300/300: loss=0.000324

============================================================
lambda_K = 0.0
============================================================
  Stage 3: Diffusion net (300 epochs, lambda_K=0.0)
  Stage 3 epoch 60/300: loss=0.065206
  Stage 3 epoch 120/300: loss=0.108864
  Stage 3 epoch 180/300: loss=0.017477
  Stage 3 epoch 240/300: loss=0.023737
  Stage 3 epoch 300/300: loss=0.042920
  Evaluating trajectory fidelity...
  MTE@0.1: 1.0517
  MTE@0.5: 2.5032
  MTE@1.0: 2.9507
  W2@1.0:  1.2835
  MMD@1.0: 0.1610
  Survival@1.0: 76.5%
  Run time: 59.1s

============================================================
lambda_K = 0.01
============================================================
  Stage 3: Diffusion net (300 epochs, lambda_K=0.01)
  Stage 3 epoch 60/300: loss=0.065307
  Stage 3 epoch 120/300: loss=0.108206
  Stage 3 epoch 180/300: loss=0.019324
  Stage 3 epoch 240/300: loss=0.023465
  Stage 3 epoch 300/300: loss=0.041773
  Evaluating trajectory fidelity...
  MTE@0.1: 1.0519
  MTE@0.5: 2.5037
  MTE@1.0: 2.9517
  W2@1.0:  1.2847
  MMD@1.0: 0.1613
  Survival@1.0: 76.5%
  Run time: 91.1s

============================================================
lambda_K = 0.1
============================================================
  Stage 3: Diffusion net (300 epochs, lambda_K=0.1)
  Stage 3 epoch 60/300: loss=0.066062
  Stage 3 epoch 120/300: loss=0.105351
  Stage 3 epoch 180/300: loss=0.025026
  Stage 3 epoch 240/300: loss=0.022939
  Stage 3 epoch 300/300: loss=0.045254
  Evaluating trajectory fidelity...
  MTE@0.1: 1.0535
  MTE@0.5: 2.5046
  MTE@1.0: 2.9487
  W2@1.0:  1.2802
  MMD@1.0: 0.1599
  Survival@1.0: 76.5%
  Run time: 91.2s

============================================================
lambda_K = 1.0
============================================================
  Stage 3: Diffusion net (300 epochs, lambda_K=1.0)
  Stage 3 epoch 60/300: loss=0.071849
  Stage 3 epoch 120/300: loss=0.097933
  Stage 3 epoch 180/300: loss=0.021837
  Stage 3 epoch 240/300: loss=0.021439
  Stage 3 epoch 300/300: loss=0.012247
  Evaluating trajectory fidelity...
  MTE@0.1: 1.0516
  MTE@0.5: 2.4927
  MTE@1.0: 2.9353
  W2@1.0:  1.2612
  MMD@1.0: 0.1558
  Survival@1.0: 76.5%
  Run time: 91.0s


======================================================================
LAMBDA_K ABLATION RESULTS
======================================================================
              surface ae_reg  lambda_K  ae_loss  drift_loss  diff_loss  MTE@0.1  MTE@0.5  MTE@1.0   W2@1.0  MMD@1.0  survival@1.0
hyperbolic_paraboloid    T+F      0.00 0.000173    0.000324   0.042920 1.051709 2.503230 2.950678 1.283468 0.161022         0.765
hyperbolic_paraboloid    T+F      0.01 0.000173    0.000324   0.041773 1.051881 2.503719 2.951693 1.284686 0.161319         0.765
hyperbolic_paraboloid    T+F      0.10 0.000173    0.000324   0.045254 1.053491 2.504643 2.948667 1.280170 0.159897         0.765
hyperbolic_paraboloid    T+F      1.00 0.000173    0.000324   0.012247 1.051587 2.492728 2.935292 1.261236 0.155793         0.765

Total time: 927.4s
Saved sde_ablation_K_hyperbolic_paraboloid.csv

Done.
